2010-07-07 03:17:59 Debug: Notice (8): Use of undefined constant typeName - assumed 'typeName' in [APP\views\users\view.ctp, line 47]
2010-07-07 03:17:59 Debug: Notice (8): Undefined index:  typeName in [APP\views\users\view.ctp, line 47]
2010-07-07 03:23:37 Debug: Notice (8): Undefined variable: typeName in [APP\views\users\view.ctp, line 40]
2010-07-07 05:02:04 Debug: Notice (8): Array to string conversion in [CORE\cake\libs\model\datasources\dbo_source.php, line 1718]
2010-07-07 05:02:04 Debug: Notice (8): Array to string conversion in [CORE\cake\libs\model\datasources\dbo_source.php, line 1722]
2010-07-07 05:02:04 Debug: Notice (8): Array to string conversion in [CORE\cake\libs\model\datasources\dbo_source.php, line 1726]
2010-07-07 05:02:04 Debug: Notice (8): Array to string conversion in [CORE\cake\libs\model\datasources\dbo_source.php, line 1727]
2010-07-07 05:23:47 Debug: Notice (8): Undefined variable: controller in [APP\views\users\view.ctp, line 41]
2010-07-07 05:26:46 Debug: Notice (8): Use of undefined constant action - assumed 'action' in [APP\views\users\view.ctp, line 58]
2010-07-07 05:28:28 Debug: Notice (8): Array to string conversion in [APP\views\users\view.ctp, line 48]
2010-07-07 05:31:45 Debug: Notice (8): Undefined variable: controller in [APP\views\users\view.ctp, line 58]
2010-07-07 05:36:22 Debug: Notice (8): Undefined variable: controller in [APP\views\users\view.ctp, line 60]
2010-07-07 05:44:06 Debug: Notice (8): Undefined property: StudentsController::$User in [APP\controllers\students_controller.php, line 33]
2010-07-07 05:55:41 Debug: Notice (8): Undefined variable: userId in [APP\controllers\students_controller.php, line 34]
2010-07-07 05:56:06 Debug: Notice (8): Undefined variable: userId in [APP\controllers\students_controller.php, line 34]
2010-07-07 05:57:14 Debug: Notice (8): Undefined variable: data in [APP\views\students\add.ctp, line 7]
2010-07-07 05:57:24 Debug: Notice (8): Undefined variable: data in [APP\views\students\add.ctp, line 7]
2010-07-07 05:57:24 Debug: Notice (8): Undefined variable: data in [APP\views\students\add.ctp, line 7]
2010-07-07 05:57:25 Debug: Notice (8): Undefined variable: data in [APP\views\students\add.ctp, line 7]
2010-07-07 06:02:50 Debug: Notice (8): Undefined variable: users in [APP\views\students\add.ctp, line 7]
2010-07-07 06:02:50 Debug: Notice (8): Undefined variable: data in [APP\views\students\add.ctp, line 8]
2010-07-07 06:32:48 Debug: Notice (8): Undefined index:  name in [APP\views\students\view.ctp, line 11]
2010-07-07 07:36:06 Debug: Notice (8): Undefined index:  Course.name in [APP\views\courses\view.ctp, line 58]
2010-07-07 07:36:24 Debug: Notice (8): Undefined index:  Course in [APP\views\courses\view.ctp, line 58]
2010-07-07 07:46:57 Debug: Notice (8): Undefined index:  username in [APP\views\curriculums\view.ctp, line 104]
2010-07-07 07:47:04 Debug: Notice (8): Undefined index:  User.username in [APP\views\curriculums\view.ctp, line 104]
2010-07-07 07:47:12 Debug: Notice (8): Undefined index:  User in [APP\views\curriculums\view.ctp, line 104]
2010-07-07 07:47:21 Debug: Notice (8): Undefined variable: user in [APP\views\curriculums\view.ctp, line 104]
2010-07-07 08:05:49 Debug: Notice (8): Undefined property: SubjectSection::$Faculty in [APP\controllers\subject_sections_controller.php, line 33]
2010-07-07 08:07:35 Debug: Notice (8): Undefined property: SubjectSection::$Faculty in [APP\controllers\subject_sections_controller.php, line 33]
2010-07-07 08:07:39 Debug: Notice (8): Undefined property: SubjectSection::$Faculty in [APP\controllers\subject_sections_controller.php, line 33]
2010-07-07 08:13:45 Debug: Notice (8): Undefined property: SubjectSectionsController::$Faculty in [APP\controllers\subject_sections_controller.php, line 33]
2010-07-07 08:17:49 Debug: Notice (8): Undefined property: SubjectSection::$Faculty in [APP\controllers\subject_sections_controller.php, line 33]
