2010-07-07 03:33:53 Warning: Warning (512): <span style = "color:Red;text-align:left"><b>SQL Error:</b> 1054: Unknown column 'SubjectSectionStudent.student_id' in 'on clause'</span> in [CORE\cake\libs\model\datasources\dbo_source.php, line 526]
2010-07-07 03:34:51 Warning: Warning (512): <span style = "color:Red;text-align:left"><b>SQL Error:</b> 1054: Unknown column 'SubjectSectionStudent.student_id' in 'on clause'</span> in [CORE\cake\libs\model\datasources\dbo_source.php, line 526]
2010-07-07 03:36:05 Warning: Warning (512): <span style = "color:Red;text-align:left"><b>SQL Error:</b> 1054: Unknown column 'SubjectSectionStudent.student_id' in 'on clause'</span> in [CORE\cake\libs\model\datasources\dbo_source.php, line 526]
2010-07-07 03:37:13 Warning: Warning (512): <span style = "color:Red;text-align:left"><b>SQL Error:</b> 1054: Unknown column 'SubjectSectionStudent.student_id' in 'on clause'</span> in [CORE\cake\libs\model\datasources\dbo_source.php, line 526]
2010-07-07 03:37:14 Warning: Warning (512): <span style = "color:Red;text-align:left"><b>SQL Error:</b> 1054: Unknown column 'SubjectSectionStudent.student_id' in 'on clause'</span> in [CORE\cake\libs\model\datasources\dbo_source.php, line 526]
2010-07-07 03:37:14 Warning: Warning (512): <span style = "color:Red;text-align:left"><b>SQL Error:</b> 1054: Unknown column 'SubjectSectionStudent.student_id' in 'on clause'</span> in [CORE\cake\libs\model\datasources\dbo_source.php, line 526]
2010-07-07 03:37:15 Warning: Warning (512): <span style = "color:Red;text-align:left"><b>SQL Error:</b> 1054: Unknown column 'SubjectSectionStudent.student_id' in 'on clause'</span> in [CORE\cake\libs\model\datasources\dbo_source.php, line 526]
2010-07-07 03:37:15 Warning: Warning (512): <span style = "color:Red;text-align:left"><b>SQL Error:</b> 1054: Unknown column 'SubjectSectionStudent.student_id' in 'on clause'</span> in [CORE\cake\libs\model\datasources\dbo_source.php, line 526]
2010-07-07 03:37:15 Warning: Warning (512): <span style = "color:Red;text-align:left"><b>SQL Error:</b> 1054: Unknown column 'SubjectSectionStudent.student_id' in 'on clause'</span> in [CORE\cake\libs\model\datasources\dbo_source.php, line 526]
2010-07-07 03:37:16 Warning: Warning (512): <span style = "color:Red;text-align:left"><b>SQL Error:</b> 1054: Unknown column 'SubjectSectionStudent.student_id' in 'on clause'</span> in [CORE\cake\libs\model\datasources\dbo_source.php, line 526]
2010-07-07 03:39:43 Warning: Warning (512): <span style = "color:Red;text-align:left"><b>SQL Error:</b> 1054: Unknown column 'SubjectSectionStudent.student_id' in 'on clause'</span> in [CORE\cake\libs\model\datasources\dbo_source.php, line 526]
2010-07-07 03:40:38 Warning: Warning (512): <span style = "color:Red;text-align:left"><b>SQL Error:</b> 1054: Unknown column 'SubjectSectionStudent.student_id' in 'on clause'</span> in [CORE\cake\libs\model\datasources\dbo_source.php, line 526]
2010-07-07 04:58:32 Warning: Warning (512): <span style = "color:Red;text-align:left"><b>SQL Error:</b> 1054: Unknown column 'User.null' in 'field list'</span> in [CORE\cake\libs\model\datasources\dbo_source.php, line 526]
2010-07-07 04:58:59 Warning: Warning (512): <span style = "color:Red;text-align:left"><b>SQL Error:</b> 1054: Unknown column 'User.1' in 'field list'</span> in [CORE\cake\libs\model\datasources\dbo_source.php, line 526]
2010-07-07 05:02:04 Warning: Warning (2): preg_match() expects parameter 2 to be string, array given in [CORE\cake\libs\model\datasources\dbo_source.php, line 1713]
2010-07-07 05:02:04 Warning: Warning (2): preg_match() expects parameter 2 to be string, array given in [CORE\cake\libs\model\datasources\dbo_source.php, line 1715]
2010-07-07 05:02:04 Warning: Warning (512): <span style = "color:Red;text-align:left"><b>SQL Error:</b> 1054: Unknown column 'User.Array' in 'field list'</span> in [CORE\cake\libs\model\datasources\dbo_source.php, line 526]
2010-07-07 05:02:13 Warning: Warning (512): <span style = "color:Red;text-align:left"><b>SQL Error:</b> 1052: Column 'id' in where clause is ambiguous</span> in [CORE\cake\libs\model\datasources\dbo_source.php, line 526]
2010-07-07 05:07:36 Warning: Warning (512): <span style = "color:Red;text-align:left"><b>SQL Error:</b> 1054: Unknown column 'Student.id' in 'where clause'</span> in [CORE\cake\libs\model\datasources\dbo_source.php, line 526]
2010-07-07 05:49:08 Warning: Warning (2): Missing argument 1 for StudentsController::add(), called in C:\xampp\htdocs\Cakelib\cake\libs\object.php on line 115 and defined in [APP\controllers\students_controller.php, line 20]
2010-07-07 05:50:52 Warning: Warning (2): Missing argument 1 for StudentsController::add(), called in C:\xampp\htdocs\Cakelib\cake\libs\object.php on line 115 and defined in [APP\controllers\students_controller.php, line 20]
2010-07-07 05:51:23 Warning: Warning (2): Missing argument 1 for StudentsController::add(), called in C:\xampp\htdocs\Cakelib\cake\libs\object.php on line 115 and defined in [APP\controllers\students_controller.php, line 20]
2010-07-07 05:55:41 Warning: Warning (2): Missing argument 1 for StudentsController::add(), called in C:\xampp\htdocs\Cakelib\cake\libs\object.php on line 115 and defined in [APP\controllers\students_controller.php, line 20]
2010-07-07 05:56:06 Warning: Warning (2): Missing argument 1 for StudentsController::add(), called in C:\xampp\htdocs\Cakelib\cake\libs\object.php on line 115 and defined in [APP\controllers\students_controller.php, line 20]
2010-07-07 06:05:09 Warning: Warning (2): Missing argument 1 for StudentsController::add(), called in C:\xampp\htdocs\Cakelib\cake\libs\object.php on line 115 and defined in [APP\controllers\students_controller.php, line 20]
2010-07-07 06:05:09 Warning: Warning (2): Cannot modify header information - headers already sent by (output started at C:\xampp\htdocs\Cakelib\cake\basics.php:108) in [CORE\cake\libs\controller\controller.php, line 646]
2010-07-07 06:06:32 Warning: Warning (2): Cannot modify header information - headers already sent by (output started at C:\xampp\htdocs\joeven\cake_col\controllers\students_controller.php:22) in [CORE\cake\libs\controller\controller.php, line 646]
2010-07-07 08:50:19 Warning: Warning (512): <span style = "color:Red;text-align:left"><b>SQL Error:</b> 1052: Column 'parent_id' in on clause is ambiguous</span> in [CORE\cake\libs\model\datasources\dbo_source.php, line 526]
2010-07-07 08:50:19 Warning: Warning (2): Invalid argument supplied for foreach() in [APP\views\subject_sections\index.ctp, line 20]
2010-07-07 08:51:36 Warning: Warning (512): <span style = "color:Red;text-align:left"><b>SQL Error:</b> 1052: Column 'parent_id' in on clause is ambiguous</span> in [CORE\cake\libs\model\datasources\dbo_source.php, line 526]
2010-07-07 08:51:36 Warning: Warning (2): Invalid argument supplied for foreach() in [APP\views\subject_sections\index.ctp, line 20]
2010-07-07 08:51:37 Warning: Warning (512): <span style = "color:Red;text-align:left"><b>SQL Error:</b> 1052: Column 'parent_id' in on clause is ambiguous</span> in [CORE\cake\libs\model\datasources\dbo_source.php, line 526]
2010-07-07 08:51:37 Warning: Warning (2): Invalid argument supplied for foreach() in [APP\views\subject_sections\index.ctp, line 20]
2010-07-07 08:51:38 Warning: Warning (512): <span style = "color:Red;text-align:left"><b>SQL Error:</b> 1052: Column 'parent_id' in on clause is ambiguous</span> in [CORE\cake\libs\model\datasources\dbo_source.php, line 526]
2010-07-07 08:51:38 Warning: Warning (2): Invalid argument supplied for foreach() in [APP\views\subject_sections\index.ctp, line 20]
2010-07-07 08:51:39 Warning: Warning (512): <span style = "color:Red;text-align:left"><b>SQL Error:</b> 1052: Column 'parent_id' in on clause is ambiguous</span> in [CORE\cake\libs\model\datasources\dbo_source.php, line 526]
2010-07-07 08:51:39 Warning: Warning (2): Invalid argument supplied for foreach() in [APP\views\subject_sections\index.ctp, line 20]
2010-07-07 08:51:39 Warning: Warning (512): <span style = "color:Red;text-align:left"><b>SQL Error:</b> 1052: Column 'parent_id' in on clause is ambiguous</span> in [CORE\cake\libs\model\datasources\dbo_source.php, line 526]
2010-07-07 08:51:39 Warning: Warning (2): Invalid argument supplied for foreach() in [APP\views\subject_sections\index.ctp, line 20]
2010-07-07 08:51:44 Warning: Warning (512): <span style = "color:Red;text-align:left"><b>SQL Error:</b> 1052: Column 'parent_id' in on clause is ambiguous</span> in [CORE\cake\libs\model\datasources\dbo_source.php, line 526]
2010-07-07 08:51:44 Warning: Warning (2): Invalid argument supplied for foreach() in [APP\views\subject_sections\index.ctp, line 20]
2010-07-07 08:51:50 Warning: Warning (512): <span style = "color:Red;text-align:left"><b>SQL Error:</b> 1052: Column 'parent_id' in on clause is ambiguous</span> in [CORE\cake\libs\model\datasources\dbo_source.php, line 526]
2010-07-07 08:51:50 Warning: Warning (2): Invalid argument supplied for foreach() in [APP\views\subject_sections\index.ctp, line 20]
